2025-08-01 11:34:53,784 - MainWindow - ERROR - Erreur lors du rafraîchissement des interfaces: 'NetworkAdapter' object has no attribute 'is_gateway'
2025-08-01 11:35:20,852 - MainWindow - WARNING - Application démarrée sans privilèges administrateur
2025-08-01 11:35:21,439 - MainWindow - DEBUG - Status: Interface configured: {F3F334F4-AED9-469E-8A09-04D3166D720D}
2025-08-01 11:35:21,439 - MainWindow - INFO - Modules réseau configurés pour {F3F334F4-AED9-469E-8A09-04D3166D720D}
2025-08-01 11:35:23,915 - MainWindow - DEBUG - Status: Scan en cours... 1/254 (0.4%)
2025-08-01 11:35:23,986 - MainWindow - DEBUG - Status: Scan en cours... 2/254 (0.8%)
2025-08-01 11:35:24,040 - MainWindow - DEBUG - Status: Scan en cours... 3/254 (1.2%)
2025-08-01 11:35:24,096 - MainWindow - DEBUG - Status: Scan en cours... 4/254 (1.6%)
2025-08-01 11:35:24,161 - MainWindow - DEBUG - Status: Scan en cours... 5/254 (2.0%)
2025-08-01 11:35:24,405 - MainWindow - DEBUG - Status: Scan en cours... 6/254 (2.4%)
2025-08-01 11:35:24,405 - MainWindow - DEBUG - Status: Scan en cours... 7/254 (2.8%)
2025-08-01 11:35:24,436 - MainWindow - DEBUG - Status: Scan en cours... 8/254 (3.1%)
2025-08-01 11:35:24,436 - MainWindow - DEBUG - Status: Scan en cours... 9/254 (3.5%)
2025-08-01 11:35:24,491 - MainWindow - DEBUG - Status: Scan en cours... 10/254 (3.9%)
2025-08-01 11:35:24,491 - MainWindow - DEBUG - Status: Scan en cours... 11/254 (4.3%)
2025-08-01 11:35:24,491 - MainWindow - DEBUG - Status: Scan en cours... 12/254 (4.7%)
2025-08-01 11:35:24,491 - MainWindow - DEBUG - Status: Scan en cours... 13/254 (5.1%)
2025-08-01 11:35:24,531 - MainWindow - DEBUG - Status: Scan en cours... 14/254 (5.5%)
2025-08-01 11:35:24,536 - MainWindow - DEBUG - Status: Scan en cours... 15/254 (5.9%)
2025-08-01 11:35:24,536 - MainWindow - DEBUG - Status: Scan en cours... 16/254 (6.3%)
2025-08-01 11:35:24,793 - MainWindow - DEBUG - Status: Scan en cours... 17/254 (6.7%)
2025-08-01 11:35:24,800 - MainWindow - DEBUG - Status: Scan en cours... 18/254 (7.1%)
2025-08-01 11:35:24,803 - MainWindow - DEBUG - Status: Scan en cours... 19/254 (7.5%)
2025-08-01 11:35:24,807 - MainWindow - DEBUG - Status: Scan en cours... 20/254 (7.9%)
2025-08-01 11:35:24,828 - MainWindow - DEBUG - Status: Scan en cours... 21/254 (8.3%)
2025-08-01 11:35:24,860 - MainWindow - DEBUG - Status: Scan en cours... 22/254 (8.7%)
2025-08-01 11:35:24,866 - MainWindow - DEBUG - Status: Scan en cours... 23/254 (9.1%)
2025-08-01 11:35:24,866 - MainWindow - DEBUG - Status: Scan en cours... 24/254 (9.4%)
2025-08-01 11:35:24,866 - MainWindow - DEBUG - Status: Scan en cours... 25/254 (9.8%)
2025-08-01 11:35:24,866 - MainWindow - DEBUG - Status: Scan en cours... 26/254 (10.2%)
2025-08-01 11:35:24,866 - MainWindow - DEBUG - Status: Scan en cours... 27/254 (10.6%)
2025-08-01 11:35:24,871 - MainWindow - DEBUG - Status: Scan en cours... 28/254 (11.0%)
2025-08-01 11:35:24,871 - MainWindow - DEBUG - Status: Scan en cours... 29/254 (11.4%)
2025-08-01 11:35:24,871 - MainWindow - DEBUG - Status: Scan en cours... 30/254 (11.8%)
2025-08-01 11:35:24,871 - MainWindow - DEBUG - Status: Scan en cours... 31/254 (12.2%)
2025-08-01 11:35:24,871 - MainWindow - DEBUG - Status: Scan en cours... 32/254 (12.6%)
2025-08-01 11:35:24,871 - MainWindow - DEBUG - Status: Scan en cours... 33/254 (13.0%)
2025-08-01 11:35:24,871 - MainWindow - DEBUG - Status: Scan en cours... 34/254 (13.4%)
2025-08-01 11:35:24,875 - MainWindow - DEBUG - Status: Scan en cours... 35/254 (13.8%)
2025-08-01 11:35:24,875 - MainWindow - DEBUG - Status: Scan en cours... 36/254 (14.2%)
2025-08-01 11:35:24,875 - MainWindow - DEBUG - Status: Scan en cours... 37/254 (14.6%)
2025-08-01 11:35:24,875 - MainWindow - DEBUG - Status: Scan en cours... 38/254 (15.0%)
2025-08-01 11:35:24,875 - MainWindow - DEBUG - Status: Scan en cours... 39/254 (15.4%)
2025-08-01 11:35:24,875 - MainWindow - DEBUG - Status: Scan en cours... 40/254 (15.7%)
2025-08-01 11:35:24,875 - MainWindow - DEBUG - Status: Scan en cours... 41/254 (16.1%)
2025-08-01 11:35:24,875 - MainWindow - DEBUG - Status: Scan en cours... 42/254 (16.5%)
2025-08-01 11:35:24,875 - MainWindow - DEBUG - Status: Scan en cours... 43/254 (16.9%)
2025-08-01 11:35:24,875 - MainWindow - DEBUG - Status: Scan en cours... 44/254 (17.3%)
2025-08-01 11:35:24,875 - MainWindow - DEBUG - Status: Scan en cours... 45/254 (17.7%)
2025-08-01 11:35:24,875 - MainWindow - DEBUG - Status: Scan en cours... 46/254 (18.1%)
2025-08-01 11:35:24,875 - MainWindow - DEBUG - Status: Scan en cours... 47/254 (18.5%)
2025-08-01 11:35:24,875 - MainWindow - DEBUG - Status: Scan en cours... 48/254 (18.9%)
2025-08-01 11:35:24,875 - MainWindow - DEBUG - Status: Scan en cours... 49/254 (19.3%)
2025-08-01 11:35:24,875 - MainWindow - DEBUG - Status: Scan en cours... 50/254 (19.7%)
2025-08-01 11:35:24,875 - MainWindow - DEBUG - Status: Scan en cours... 51/254 (20.1%)
2025-08-01 11:35:24,875 - MainWindow - DEBUG - Status: Scan en cours... 52/254 (20.5%)
2025-08-01 11:35:24,875 - MainWindow - DEBUG - Status: Scan en cours... 53/254 (20.9%)
2025-08-01 11:35:24,875 - MainWindow - DEBUG - Status: Scan en cours... 54/254 (21.3%)
2025-08-01 11:35:24,891 - MainWindow - DEBUG - Status: Scan en cours... 55/254 (21.7%)
2025-08-01 11:35:25,211 - MainWindow - DEBUG - Status: Scan en cours... 56/254 (22.0%)
2025-08-01 11:35:25,226 - MainWindow - DEBUG - Status: Scan en cours... 57/254 (22.4%)
2025-08-01 11:35:25,376 - MainWindow - DEBUG - Status: Scan en cours... 58/254 (22.8%)
2025-08-01 11:35:25,376 - MainWindow - DEBUG - Status: Scan en cours... 59/254 (23.2%)
2025-08-01 11:35:25,376 - MainWindow - DEBUG - Status: Scan en cours... 60/254 (23.6%)
2025-08-01 11:35:25,376 - MainWindow - DEBUG - Status: Scan en cours... 61/254 (24.0%)
2025-08-01 11:35:25,376 - MainWindow - DEBUG - Status: Scan en cours... 62/254 (24.4%)
2025-08-01 11:35:25,384 - MainWindow - DEBUG - Status: Scan en cours... 63/254 (24.8%)
2025-08-01 11:35:25,384 - MainWindow - DEBUG - Status: Scan en cours... 64/254 (25.2%)
2025-08-01 11:35:25,384 - MainWindow - DEBUG - Status: Scan en cours... 65/254 (25.6%)
2025-08-01 11:35:25,384 - MainWindow - DEBUG - Status: Scan en cours... 66/254 (26.0%)
2025-08-01 11:35:25,384 - MainWindow - DEBUG - Status: Scan en cours... 67/254 (26.4%)
2025-08-01 11:35:25,386 - MainWindow - DEBUG - Status: Scan en cours... 68/254 (26.8%)
2025-08-01 11:35:25,406 - MainWindow - DEBUG - Status: Scan en cours... 69/254 (27.2%)
2025-08-01 11:35:25,406 - MainWindow - DEBUG - Status: Scan en cours... 70/254 (27.6%)
2025-08-01 11:35:25,476 - MainWindow - DEBUG - Status: Scan en cours... 71/254 (28.0%)
2025-08-01 11:35:25,536 - MainWindow - DEBUG - Status: Scan en cours... 72/254 (28.3%)
2025-08-01 11:35:25,596 - MainWindow - DEBUG - Status: Scan en cours... 73/254 (28.7%)
2025-08-01 11:35:25,628 - MainWindow - DEBUG - Status: Scan en cours... 74/254 (29.1%)
2025-08-01 11:35:25,666 - MainWindow - DEBUG - Status: Scan en cours... 75/254 (29.5%)
2025-08-01 11:35:25,666 - MainWindow - DEBUG - Status: Scan en cours... 76/254 (29.9%)
2025-08-01 11:35:25,691 - MainWindow - DEBUG - Status: Scan en cours... 77/254 (30.3%)
2025-08-01 11:35:25,691 - MainWindow - DEBUG - Status: Scan en cours... 78/254 (30.7%)
2025-08-01 11:35:25,819 - MainWindow - DEBUG - Status: Scan en cours... 79/254 (31.1%)
2025-08-01 11:35:25,819 - MainWindow - DEBUG - Status: Scan en cours... 80/254 (31.5%)
2025-08-01 11:35:25,826 - MainWindow - DEBUG - Status: Scan en cours... 81/254 (31.9%)
2025-08-01 11:35:25,826 - MainWindow - DEBUG - Status: Scan en cours... 82/254 (32.3%)
2025-08-01 11:35:25,826 - MainWindow - DEBUG - Status: Scan en cours... 83/254 (32.7%)
2025-08-01 11:35:25,826 - MainWindow - DEBUG - Status: Scan en cours... 84/254 (33.1%)
2025-08-01 11:35:25,883 - MainWindow - DEBUG - Status: Scan en cours... 85/254 (33.5%)
2025-08-01 11:35:26,042 - MainWindow - DEBUG - Status: Scan en cours... 86/254 (33.9%)
2025-08-01 11:35:26,042 - MainWindow - DEBUG - Status: Scan en cours... 87/254 (34.3%)
2025-08-01 11:35:26,045 - MainWindow - DEBUG - Status: Scan en cours... 88/254 (34.6%)
2025-08-01 11:35:26,046 - MainWindow - DEBUG - Status: Scan en cours... 89/254 (35.0%)
2025-08-01 11:35:26,046 - MainWindow - DEBUG - Status: Scan en cours... 90/254 (35.4%)
2025-08-01 11:35:26,047 - MainWindow - DEBUG - Status: Scan en cours... 91/254 (35.8%)
2025-08-01 11:35:26,049 - MainWindow - DEBUG - Status: Scan en cours... 92/254 (36.2%)
2025-08-01 11:35:26,049 - MainWindow - DEBUG - Status: Scan en cours... 93/254 (36.6%)
2025-08-01 11:35:26,050 - MainWindow - DEBUG - Status: Scan en cours... 94/254 (37.0%)
2025-08-01 11:35:26,050 - MainWindow - DEBUG - Status: Scan en cours... 95/254 (37.4%)
2025-08-01 11:35:26,051 - MainWindow - DEBUG - Status: Scan en cours... 96/254 (37.8%)
2025-08-01 11:35:26,052 - MainWindow - DEBUG - Status: Scan en cours... 97/254 (38.2%)
2025-08-01 11:35:26,052 - MainWindow - DEBUG - Status: Scan en cours... 98/254 (38.6%)
2025-08-01 11:35:26,052 - MainWindow - DEBUG - Status: Scan en cours... 99/254 (39.0%)
2025-08-01 11:35:26,052 - MainWindow - DEBUG - Status: Scan en cours... 100/254 (39.4%)
2025-08-01 11:35:26,053 - MainWindow - DEBUG - Status: Scan en cours... 101/254 (39.8%)
2025-08-01 11:35:26,053 - MainWindow - DEBUG - Status: Scan en cours... 102/254 (40.2%)
2025-08-01 11:35:26,053 - MainWindow - DEBUG - Status: Scan en cours... 103/254 (40.6%)
2025-08-01 11:35:26,054 - MainWindow - DEBUG - Status: Scan en cours... 104/254 (40.9%)
2025-08-01 11:35:26,056 - MainWindow - DEBUG - Status: Scan en cours... 105/254 (41.3%)
2025-08-01 11:35:26,170 - MainWindow - DEBUG - Status: Scan en cours... 106/254 (41.7%)
2025-08-01 11:35:26,191 - MainWindow - DEBUG - Status: Scan en cours... 107/254 (42.1%)
2025-08-01 11:35:26,233 - MainWindow - DEBUG - Status: Scan en cours... 108/254 (42.5%)
2025-08-01 11:35:26,246 - MainWindow - DEBUG - Status: Scan en cours... 109/254 (42.9%)
2025-08-01 11:35:26,249 - MainWindow - DEBUG - Status: Scan en cours... 110/254 (43.3%)
2025-08-01 11:35:26,249 - MainWindow - DEBUG - Status: Scan en cours... 111/254 (43.7%)
2025-08-01 11:35:26,276 - MainWindow - DEBUG - Status: Scan en cours... 112/254 (44.1%)
2025-08-01 11:35:26,276 - MainWindow - DEBUG - Status: Scan en cours... 113/254 (44.5%)
2025-08-01 11:35:26,276 - MainWindow - DEBUG - Status: Scan en cours... 114/254 (44.9%)
2025-08-01 11:35:26,281 - MainWindow - DEBUG - Status: Scan en cours... 115/254 (45.3%)
2025-08-01 11:35:26,425 - MainWindow - DEBUG - Status: Scan en cours... 116/254 (45.7%)
2025-08-01 11:35:26,435 - MainWindow - DEBUG - Status: Scan en cours... 117/254 (46.1%)
2025-08-01 11:35:26,446 - MainWindow - DEBUG - Status: Scan en cours... 118/254 (46.5%)
2025-08-01 11:35:26,486 - MainWindow - DEBUG - Status: Scan en cours... 119/254 (46.9%)
2025-08-01 11:35:26,486 - MainWindow - DEBUG - Status: Scan en cours... 120/254 (47.2%)
2025-08-01 11:35:26,486 - MainWindow - DEBUG - Status: Scan en cours... 121/254 (47.6%)
2025-08-01 11:35:26,486 - MainWindow - DEBUG - Status: Scan en cours... 122/254 (48.0%)
2025-08-01 11:35:26,486 - MainWindow - DEBUG - Status: Scan en cours... 123/254 (48.4%)
2025-08-01 11:35:26,489 - MainWindow - DEBUG - Status: Scan en cours... 124/254 (48.8%)
2025-08-01 11:35:26,496 - MainWindow - DEBUG - Status: Scan en cours... 125/254 (49.2%)
2025-08-01 11:35:26,496 - MainWindow - DEBUG - Status: Scan en cours... 126/254 (49.6%)
2025-08-01 11:35:26,581 - MainWindow - DEBUG - Status: Scan en cours... 127/254 (50.0%)
2025-08-01 11:35:26,581 - MainWindow - DEBUG - Status: Scan en cours... 128/254 (50.4%)
2025-08-01 11:35:26,581 - MainWindow - DEBUG - Status: Scan en cours... 129/254 (50.8%)
2025-08-01 11:35:26,601 - MainWindow - DEBUG - Status: Scan en cours... 130/254 (51.2%)
2025-08-01 11:35:26,606 - MainWindow - DEBUG - Status: Scan en cours... 131/254 (51.6%)
2025-08-01 11:35:26,617 - MainWindow - DEBUG - Status: Scan en cours... 132/254 (52.0%)
2025-08-01 11:35:26,716 - MainWindow - DEBUG - Status: Scan en cours... 133/254 (52.4%)
2025-08-01 11:35:26,818 - MainWindow - DEBUG - Status: Scan en cours... 134/254 (52.8%)
2025-08-01 11:35:26,819 - MainWindow - DEBUG - Status: Scan en cours... 135/254 (53.1%)
2025-08-01 11:35:26,819 - MainWindow - DEBUG - Status: Scan en cours... 136/254 (53.5%)
2025-08-01 11:35:26,819 - MainWindow - DEBUG - Status: Scan en cours... 137/254 (53.9%)
2025-08-01 11:35:26,819 - MainWindow - DEBUG - Status: Scan en cours... 138/254 (54.3%)
2025-08-01 11:35:26,819 - MainWindow - DEBUG - Status: Scan en cours... 139/254 (54.7%)
2025-08-01 11:35:26,841 - MainWindow - DEBUG - Status: Scan en cours... 140/254 (55.1%)
2025-08-01 11:35:26,858 - MainWindow - DEBUG - Status: Scan en cours... 141/254 (55.5%)
2025-08-01 11:35:26,858 - MainWindow - DEBUG - Status: Scan en cours... 142/254 (55.9%)
2025-08-01 11:35:26,881 - MainWindow - DEBUG - Status: Scan en cours... 143/254 (56.3%)
2025-08-01 11:35:26,929 - MainWindow - DEBUG - Status: Scan en cours... 144/254 (56.7%)
2025-08-01 11:35:26,929 - MainWindow - DEBUG - Status: Scan en cours... 145/254 (57.1%)
2025-08-01 11:35:26,929 - MainWindow - DEBUG - Status: Scan en cours... 146/254 (57.5%)
2025-08-01 11:35:26,956 - MainWindow - DEBUG - Status: Scan en cours... 147/254 (57.9%)
2025-08-01 11:35:27,056 - MainWindow - DEBUG - Status: Scan en cours... 148/254 (58.3%)
2025-08-01 11:35:27,056 - MainWindow - DEBUG - Status: Scan en cours... 149/254 (58.7%)
2025-08-01 11:35:27,056 - MainWindow - DEBUG - Status: Scan en cours... 150/254 (59.1%)
2025-08-01 11:35:27,056 - MainWindow - DEBUG - Status: Scan en cours... 151/254 (59.4%)
2025-08-01 11:35:27,056 - MainWindow - DEBUG - Status: Scan en cours... 152/254 (59.8%)
2025-08-01 11:35:27,056 - MainWindow - DEBUG - Status: Scan en cours... 153/254 (60.2%)
2025-08-01 11:35:27,056 - MainWindow - DEBUG - Status: Scan en cours... 154/254 (60.6%)
2025-08-01 11:35:27,056 - MainWindow - DEBUG - Status: Scan en cours... 155/254 (61.0%)
2025-08-01 11:35:27,056 - MainWindow - DEBUG - Status: Scan en cours... 156/254 (61.4%)
2025-08-01 11:35:27,056 - MainWindow - DEBUG - Status: Scan en cours... 157/254 (61.8%)
2025-08-01 11:35:27,056 - MainWindow - DEBUG - Status: Scan en cours... 158/254 (62.2%)
2025-08-01 11:35:27,106 - MainWindow - DEBUG - Status: Scan en cours... 159/254 (62.6%)
2025-08-01 11:35:27,106 - MainWindow - DEBUG - Status: Scan en cours... 160/254 (63.0%)
2025-08-01 11:35:27,106 - MainWindow - DEBUG - Status: Scan en cours... 161/254 (63.4%)
2025-08-01 11:35:27,106 - MainWindow - DEBUG - Status: Scan en cours... 162/254 (63.8%)
2025-08-01 11:35:27,106 - MainWindow - DEBUG - Status: Scan en cours... 163/254 (64.2%)
2025-08-01 11:35:27,146 - MainWindow - DEBUG - Status: Scan en cours... 164/254 (64.6%)
2025-08-01 11:35:27,146 - MainWindow - DEBUG - Status: Scan en cours... 165/254 (65.0%)
2025-08-01 11:35:27,156 - MainWindow - DEBUG - Status: Scan en cours... 166/254 (65.4%)
2025-08-01 11:35:27,196 - MainWindow - DEBUG - Status: Scan en cours... 167/254 (65.7%)
2025-08-01 11:35:27,199 - MainWindow - DEBUG - Status: Scan en cours... 168/254 (66.1%)
2025-08-01 11:35:27,216 - MainWindow - DEBUG - Status: Scan en cours... 169/254 (66.5%)
2025-08-01 11:35:27,296 - MainWindow - DEBUG - Status: Scan en cours... 170/254 (66.9%)
2025-08-01 11:35:27,296 - MainWindow - DEBUG - Status: Scan en cours... 171/254 (67.3%)
2025-08-01 11:35:27,296 - MainWindow - DEBUG - Status: Scan en cours... 172/254 (67.7%)
2025-08-01 11:35:27,359 - MainWindow - DEBUG - Status: Scan en cours... 173/254 (68.1%)
2025-08-01 11:35:27,359 - MainWindow - DEBUG - Status: Scan en cours... 174/254 (68.5%)
2025-08-01 11:35:27,359 - MainWindow - DEBUG - Status: Scan en cours... 175/254 (68.9%)
2025-08-01 11:35:27,359 - MainWindow - DEBUG - Status: Scan en cours... 176/254 (69.3%)
2025-08-01 11:35:27,396 - MainWindow - DEBUG - Status: Scan en cours... 177/254 (69.7%)
2025-08-01 11:35:27,396 - MainWindow - DEBUG - Status: Scan en cours... 178/254 (70.1%)
2025-08-01 11:35:27,396 - MainWindow - DEBUG - Status: Scan en cours... 179/254 (70.5%)
2025-08-01 11:35:27,396 - MainWindow - DEBUG - Status: Scan en cours... 180/254 (70.9%)
2025-08-01 11:35:27,426 - MainWindow - DEBUG - Status: Scan en cours... 181/254 (71.3%)
2025-08-01 11:35:27,426 - MainWindow - DEBUG - Status: Scan en cours... 182/254 (71.7%)
2025-08-01 11:35:27,465 - MainWindow - DEBUG - Status: Scan en cours... 183/254 (72.0%)
2025-08-01 11:35:27,520 - MainWindow - DEBUG - Status: Scan en cours... 184/254 (72.4%)
2025-08-01 11:35:27,566 - MainWindow - DEBUG - Status: Scan en cours... 185/254 (72.8%)
2025-08-01 11:35:27,566 - MainWindow - DEBUG - Status: Scan en cours... 186/254 (73.2%)
2025-08-01 11:35:27,610 - MainWindow - DEBUG - Status: Scan en cours... 187/254 (73.6%)
2025-08-01 11:35:27,610 - MainWindow - DEBUG - Status: Scan en cours... 188/254 (74.0%)
2025-08-01 11:35:27,610 - MainWindow - DEBUG - Status: Scan en cours... 189/254 (74.4%)
2025-08-01 11:35:27,610 - MainWindow - DEBUG - Status: Scan en cours... 190/254 (74.8%)
2025-08-01 11:35:27,701 - MainWindow - DEBUG - Status: Scan en cours... 191/254 (75.2%)
2025-08-01 11:35:27,701 - MainWindow - DEBUG - Status: Scan en cours... 192/254 (75.6%)
2025-08-01 11:35:27,754 - MainWindow - DEBUG - Status: Scan en cours... 193/254 (76.0%)
2025-08-01 11:35:27,756 - MainWindow - DEBUG - Status: Scan en cours... 194/254 (76.4%)
2025-08-01 11:35:27,776 - MainWindow - DEBUG - Status: Scan en cours... 195/254 (76.8%)
2025-08-01 11:35:27,818 - MainWindow - DEBUG - Status: Scan en cours... 196/254 (77.2%)
2025-08-01 11:35:27,825 - MainWindow - DEBUG - Status: Scan en cours... 197/254 (77.6%)
2025-08-01 11:35:27,825 - MainWindow - DEBUG - Status: Scan en cours... 198/254 (78.0%)
2025-08-01 11:35:27,825 - MainWindow - DEBUG - Status: Scan en cours... 199/254 (78.3%)
2025-08-01 11:35:27,850 - MainWindow - DEBUG - Status: Scan en cours... 200/254 (78.7%)
2025-08-01 11:35:27,866 - MainWindow - DEBUG - Status: Scan en cours... 201/254 (79.1%)
2025-08-01 11:35:27,891 - MainWindow - DEBUG - Status: Scan en cours... 202/254 (79.5%)
2025-08-01 11:35:27,981 - MainWindow - DEBUG - Status: Scan en cours... 203/254 (79.9%)
2025-08-01 11:35:27,981 - MainWindow - DEBUG - Status: Scan en cours... 204/254 (80.3%)
2025-08-01 11:35:27,981 - MainWindow - DEBUG - Status: Scan en cours... 205/254 (80.7%)
2025-08-01 11:35:27,981 - MainWindow - DEBUG - Status: Scan en cours... 206/254 (81.1%)
2025-08-01 11:35:27,981 - MainWindow - DEBUG - Status: Scan en cours... 207/254 (81.5%)
2025-08-01 11:35:27,981 - MainWindow - DEBUG - Status: Scan en cours... 208/254 (81.9%)
2025-08-01 11:35:27,981 - MainWindow - DEBUG - Status: Scan en cours... 209/254 (82.3%)
2025-08-01 11:35:27,981 - MainWindow - DEBUG - Status: Scan en cours... 210/254 (82.7%)
2025-08-01 11:35:27,981 - MainWindow - DEBUG - Status: Scan en cours... 211/254 (83.1%)
2025-08-01 11:35:27,981 - MainWindow - DEBUG - Status: Scan en cours... 212/254 (83.5%)
2025-08-01 11:35:28,043 - MainWindow - DEBUG - Status: Scan en cours... 213/254 (83.9%)
2025-08-01 11:35:28,044 - MainWindow - DEBUG - Status: Scan en cours... 214/254 (84.3%)
2025-08-01 11:35:28,044 - MainWindow - DEBUG - Status: Scan en cours... 215/254 (84.6%)
2025-08-01 11:35:28,044 - MainWindow - DEBUG - Status: Scan en cours... 216/254 (85.0%)
2025-08-01 11:35:28,044 - MainWindow - DEBUG - Status: Scan en cours... 217/254 (85.4%)
2025-08-01 11:35:28,090 - MainWindow - DEBUG - Status: Scan en cours... 218/254 (85.8%)
2025-08-01 11:35:28,090 - MainWindow - DEBUG - Status: Scan en cours... 219/254 (86.2%)
2025-08-01 11:35:28,111 - MainWindow - DEBUG - Status: Scan en cours... 220/254 (86.6%)
2025-08-01 11:35:28,126 - MainWindow - DEBUG - Status: Scan en cours... 221/254 (87.0%)
2025-08-01 11:35:28,141 - MainWindow - DEBUG - Status: Scan en cours... 222/254 (87.4%)
2025-08-01 11:35:28,186 - MainWindow - DEBUG - Status: Scan en cours... 223/254 (87.8%)
2025-08-01 11:35:28,186 - MainWindow - DEBUG - Status: Scan en cours... 224/254 (88.2%)
2025-08-01 11:35:28,186 - MainWindow - DEBUG - Status: Scan en cours... 225/254 (88.6%)
2025-08-01 11:35:28,186 - MainWindow - DEBUG - Status: Scan en cours... 226/254 (89.0%)
2025-08-01 11:35:28,186 - MainWindow - DEBUG - Status: Scan en cours... 227/254 (89.4%)
2025-08-01 11:35:28,206 - MainWindow - DEBUG - Status: Scan en cours... 228/254 (89.8%)
2025-08-01 11:35:28,226 - MainWindow - DEBUG - Status: Scan en cours... 229/254 (90.2%)
2025-08-01 11:35:28,236 - MainWindow - DEBUG - Status: Scan en cours... 230/254 (90.6%)
2025-08-01 11:35:28,249 - MainWindow - DEBUG - Status: Scan en cours... 231/254 (90.9%)
2025-08-01 11:35:28,281 - MainWindow - DEBUG - Status: Scan en cours... 232/254 (91.3%)
2025-08-01 11:35:28,281 - MainWindow - DEBUG - Status: Scan en cours... 233/254 (91.7%)
2025-08-01 11:35:28,281 - MainWindow - DEBUG - Status: Scan en cours... 234/254 (92.1%)
2025-08-01 11:35:28,340 - MainWindow - DEBUG - Status: Scan en cours... 235/254 (92.5%)
2025-08-01 11:35:28,340 - MainWindow - DEBUG - Status: Scan en cours... 236/254 (92.9%)
2025-08-01 11:35:28,345 - MainWindow - DEBUG - Status: Scan en cours... 237/254 (93.3%)
2025-08-01 11:35:28,345 - MainWindow - DEBUG - Status: Scan en cours... 238/254 (93.7%)
2025-08-01 11:35:28,350 - MainWindow - DEBUG - Status: Scan en cours... 239/254 (94.1%)
2025-08-01 11:35:28,350 - MainWindow - DEBUG - Status: Scan en cours... 240/254 (94.5%)
2025-08-01 11:35:28,377 - MainWindow - DEBUG - Status: Scan en cours... 241/254 (94.9%)
2025-08-01 11:35:28,416 - MainWindow - DEBUG - Status: Scan en cours... 242/254 (95.3%)
2025-08-01 11:35:28,475 - MainWindow - DEBUG - Status: Scan en cours... 243/254 (95.7%)
2025-08-01 11:35:28,475 - MainWindow - DEBUG - Status: Scan en cours... 244/254 (96.1%)
2025-08-01 11:35:28,475 - MainWindow - DEBUG - Status: Scan en cours... 245/254 (96.5%)
2025-08-01 11:35:28,475 - MainWindow - DEBUG - Status: Scan en cours... 246/254 (96.9%)
2025-08-01 11:35:28,475 - MainWindow - DEBUG - Status: Scan en cours... 247/254 (97.2%)
2025-08-01 11:35:28,475 - MainWindow - DEBUG - Status: Scan en cours... 248/254 (97.6%)
2025-08-01 11:35:28,475 - MainWindow - DEBUG - Status: Scan en cours... 249/254 (98.0%)
2025-08-01 11:35:28,475 - MainWindow - DEBUG - Status: Scan en cours... 250/254 (98.4%)
2025-08-01 11:35:28,475 - MainWindow - DEBUG - Status: Scan en cours... 251/254 (98.8%)
2025-08-01 11:35:28,475 - MainWindow - DEBUG - Status: Scan en cours... 252/254 (99.2%)
2025-08-01 11:35:28,475 - MainWindow - DEBUG - Status: Scan en cours... 253/254 (99.6%)
2025-08-01 11:35:28,475 - MainWindow - DEBUG - Status: Scan en cours... 254/254 (100.0%)
2025-08-01 11:35:28,475 - MainWindow - DEBUG - Status: Scan terminé - 0 appareils trouvés
2025-08-01 11:35:33,958 - MainWindow - DEBUG - Status: Scan en cours... 1/254 (0.4%)
2025-08-01 11:35:34,029 - MainWindow - DEBUG - Status: Scan en cours... 2/254 (0.8%)
2025-08-01 11:35:34,086 - MainWindow - DEBUG - Status: Scan en cours... 3/254 (1.2%)
2025-08-01 11:35:34,158 - MainWindow - DEBUG - Status: Scan en cours... 4/254 (1.6%)
2025-08-01 11:35:34,236 - MainWindow - DEBUG - Status: Scan en cours... 5/254 (2.0%)
2025-08-01 11:35:34,391 - MainWindow - DEBUG - Status: Scan en cours... 6/254 (2.4%)
2025-08-01 11:35:34,788 - MainWindow - DEBUG - Status: Scan en cours... 7/254 (2.8%)
2025-08-01 11:35:34,809 - MainWindow - DEBUG - Status: Scan en cours... 8/254 (3.1%)
2025-08-01 11:35:34,810 - MainWindow - DEBUG - Status: Scan en cours... 9/254 (3.5%)
2025-08-01 11:35:34,813 - MainWindow - DEBUG - Status: Scan en cours... 10/254 (3.9%)
2025-08-01 11:35:34,817 - MainWindow - DEBUG - Status: Scan en cours... 11/254 (4.3%)
2025-08-01 11:35:34,827 - MainWindow - DEBUG - Status: Scan en cours... 12/254 (4.7%)
2025-08-01 11:35:34,830 - MainWindow - DEBUG - Status: Scan en cours... 13/254 (5.1%)
2025-08-01 11:35:34,843 - MainWindow - DEBUG - Status: Scan en cours... 14/254 (5.5%)
2025-08-01 11:35:34,853 - MainWindow - DEBUG - Status: Scan en cours... 15/254 (5.9%)
2025-08-01 11:35:34,854 - MainWindow - DEBUG - Status: Scan en cours... 16/254 (6.3%)
2025-08-01 11:35:34,862 - MainWindow - DEBUG - Status: Scan en cours... 17/254 (6.7%)
2025-08-01 11:35:34,873 - MainWindow - DEBUG - Status: Scan en cours... 18/254 (7.1%)
2025-08-01 11:35:34,876 - MainWindow - DEBUG - Status: Scan en cours... 19/254 (7.5%)
2025-08-01 11:35:34,876 - MainWindow - DEBUG - Status: Scan en cours... 20/254 (7.9%)
2025-08-01 11:35:34,876 - MainWindow - DEBUG - Status: Scan en cours... 21/254 (8.3%)
2025-08-01 11:35:34,876 - MainWindow - DEBUG - Status: Scan en cours... 22/254 (8.7%)
2025-08-01 11:35:34,876 - MainWindow - DEBUG - Status: Scan en cours... 23/254 (9.1%)
2025-08-01 11:35:34,876 - MainWindow - DEBUG - Status: Scan en cours... 24/254 (9.4%)
2025-08-01 11:35:34,876 - MainWindow - DEBUG - Status: Scan en cours... 25/254 (9.8%)
2025-08-01 11:35:34,876 - MainWindow - DEBUG - Status: Scan en cours... 26/254 (10.2%)
2025-08-01 11:35:34,876 - MainWindow - DEBUG - Status: Scan en cours... 27/254 (10.6%)
2025-08-01 11:35:34,876 - MainWindow - DEBUG - Status: Scan en cours... 28/254 (11.0%)
2025-08-01 11:35:34,876 - MainWindow - DEBUG - Status: Scan en cours... 29/254 (11.4%)
2025-08-01 11:35:34,876 - MainWindow - DEBUG - Status: Scan en cours... 30/254 (11.8%)
2025-08-01 11:35:34,876 - MainWindow - DEBUG - Status: Scan en cours... 31/254 (12.2%)
2025-08-01 11:35:34,876 - MainWindow - DEBUG - Status: Scan en cours... 32/254 (12.6%)
2025-08-01 11:35:34,876 - MainWindow - DEBUG - Status: Scan en cours... 33/254 (13.0%)
2025-08-01 11:35:34,876 - MainWindow - DEBUG - Status: Scan en cours... 34/254 (13.4%)
2025-08-01 11:35:34,876 - MainWindow - DEBUG - Status: Scan en cours... 35/254 (13.8%)
2025-08-01 11:35:34,876 - MainWindow - DEBUG - Status: Scan en cours... 36/254 (14.2%)
2025-08-01 11:35:34,876 - MainWindow - DEBUG - Status: Scan en cours... 37/254 (14.6%)
2025-08-01 11:35:34,876 - MainWindow - DEBUG - Status: Scan en cours... 38/254 (15.0%)
2025-08-01 11:35:34,876 - MainWindow - DEBUG - Status: Scan en cours... 39/254 (15.4%)
2025-08-01 11:35:34,876 - MainWindow - DEBUG - Status: Scan en cours... 40/254 (15.7%)
2025-08-01 11:35:34,876 - MainWindow - DEBUG - Status: Scan en cours... 41/254 (16.1%)
2025-08-01 11:35:34,876 - MainWindow - DEBUG - Status: Scan en cours... 42/254 (16.5%)
2025-08-01 11:35:34,876 - MainWindow - DEBUG - Status: Scan en cours... 43/254 (16.9%)
2025-08-01 11:35:34,876 - MainWindow - DEBUG - Status: Scan en cours... 44/254 (17.3%)
2025-08-01 11:35:34,876 - MainWindow - DEBUG - Status: Scan en cours... 45/254 (17.7%)
2025-08-01 11:35:34,876 - MainWindow - DEBUG - Status: Scan en cours... 46/254 (18.1%)
2025-08-01 11:35:34,876 - MainWindow - DEBUG - Status: Scan en cours... 47/254 (18.5%)
2025-08-01 11:35:34,876 - MainWindow - DEBUG - Status: Scan en cours... 48/254 (18.9%)
2025-08-01 11:35:34,876 - MainWindow - DEBUG - Status: Scan en cours... 49/254 (19.3%)
2025-08-01 11:35:34,876 - MainWindow - DEBUG - Status: Scan en cours... 50/254 (19.7%)
2025-08-01 11:35:34,876 - MainWindow - DEBUG - Status: Scan en cours... 51/254 (20.1%)
2025-08-01 11:35:34,876 - MainWindow - DEBUG - Status: Scan en cours... 52/254 (20.5%)
2025-08-01 11:35:34,876 - MainWindow - DEBUG - Status: Scan en cours... 53/254 (20.9%)
2025-08-01 11:35:34,876 - MainWindow - DEBUG - Status: Scan en cours... 54/254 (21.3%)
2025-08-01 11:35:34,885 - MainWindow - DEBUG - Status: Scan en cours... 55/254 (21.7%)
2025-08-01 11:35:34,885 - MainWindow - DEBUG - Status: Scan en cours... 56/254 (22.0%)
2025-08-01 11:35:34,885 - MainWindow - DEBUG - Status: Scan en cours... 57/254 (22.4%)
2025-08-01 11:35:34,885 - MainWindow - DEBUG - Status: Scan en cours... 58/254 (22.8%)
2025-08-01 11:35:34,885 - MainWindow - DEBUG - Status: Scan en cours... 59/254 (23.2%)
2025-08-01 11:35:34,885 - MainWindow - DEBUG - Status: Scan en cours... 60/254 (23.6%)
2025-08-01 11:35:34,885 - MainWindow - DEBUG - Status: Scan en cours... 61/254 (24.0%)
2025-08-01 11:35:34,885 - MainWindow - DEBUG - Status: Scan en cours... 62/254 (24.4%)
2025-08-01 11:35:34,885 - MainWindow - DEBUG - Status: Scan en cours... 63/254 (24.8%)
2025-08-01 11:35:35,253 - MainWindow - DEBUG - Status: Scan en cours... 64/254 (25.2%)
2025-08-01 11:35:35,275 - MainWindow - DEBUG - Status: Scan en cours... 65/254 (25.6%)
2025-08-01 11:35:35,275 - MainWindow - DEBUG - Status: Scan en cours... 66/254 (26.0%)
2025-08-01 11:35:35,300 - MainWindow - DEBUG - Status: Scan en cours... 67/254 (26.4%)
2025-08-01 11:35:35,321 - MainWindow - DEBUG - Status: Scan en cours... 68/254 (26.8%)
2025-08-01 11:35:35,380 - MainWindow - DEBUG - Status: Scan en cours... 69/254 (27.2%)
2025-08-01 11:35:35,380 - MainWindow - DEBUG - Status: Scan en cours... 70/254 (27.6%)
2025-08-01 11:35:35,406 - MainWindow - DEBUG - Status: Scan en cours... 71/254 (28.0%)
2025-08-01 11:35:35,651 - MainWindow - DEBUG - Status: Scan en cours... 72/254 (28.3%)
2025-08-01 11:35:35,656 - MainWindow - DEBUG - Status: Scan en cours... 73/254 (28.7%)
2025-08-01 11:35:35,656 - MainWindow - DEBUG - Status: Scan en cours... 74/254 (29.1%)
2025-08-01 11:35:35,661 - MainWindow - DEBUG - Status: Scan en cours... 75/254 (29.5%)
2025-08-01 11:35:35,661 - MainWindow - DEBUG - Status: Scan en cours... 76/254 (29.9%)
2025-08-01 11:35:35,667 - MainWindow - DEBUG - Status: Scan en cours... 77/254 (30.3%)
2025-08-01 11:35:35,667 - MainWindow - DEBUG - Status: Scan en cours... 78/254 (30.7%)
2025-08-01 11:35:35,667 - MainWindow - DEBUG - Status: Scan en cours... 79/254 (31.1%)
2025-08-01 11:35:35,667 - MainWindow - DEBUG - Status: Scan en cours... 80/254 (31.5%)
2025-08-01 11:35:35,667 - MainWindow - DEBUG - Status: Scan en cours... 81/254 (31.9%)
2025-08-01 11:35:35,667 - MainWindow - DEBUG - Status: Scan en cours... 82/254 (32.3%)
2025-08-01 11:35:35,667 - MainWindow - DEBUG - Status: Scan en cours... 83/254 (32.7%)
2025-08-01 11:35:35,667 - MainWindow - DEBUG - Status: Scan en cours... 84/254 (33.1%)
2025-08-01 11:35:35,667 - MainWindow - DEBUG - Status: Scan en cours... 85/254 (33.5%)
2025-08-01 11:35:35,686 - MainWindow - DEBUG - Status: Scan en cours... 86/254 (33.9%)
2025-08-01 11:35:35,714 - MainWindow - DEBUG - Status: Scan en cours... 87/254 (34.3%)
2025-08-01 11:35:35,751 - MainWindow - DEBUG - Status: Scan en cours... 88/254 (34.6%)
2025-08-01 11:35:35,970 - MainWindow - DEBUG - Status: Scan en cours... 89/254 (35.0%)
2025-08-01 11:35:35,975 - MainWindow - DEBUG - Status: Scan en cours... 90/254 (35.4%)
2025-08-01 11:35:35,981 - MainWindow - DEBUG - Status: Scan en cours... 91/254 (35.8%)
2025-08-01 11:35:35,981 - MainWindow - DEBUG - Status: Scan en cours... 92/254 (36.2%)
2025-08-01 11:35:35,991 - MainWindow - DEBUG - Status: Scan en cours... 93/254 (36.6%)
2025-08-01 11:35:36,000 - MainWindow - DEBUG - Status: Scan en cours... 94/254 (37.0%)
2025-08-01 11:35:36,011 - MainWindow - DEBUG - Status: Scan en cours... 95/254 (37.4%)
2025-08-01 11:35:36,011 - MainWindow - DEBUG - Status: Scan en cours... 96/254 (37.8%)
2025-08-01 11:35:36,011 - MainWindow - DEBUG - Status: Scan en cours... 97/254 (38.2%)
2025-08-01 11:35:36,011 - MainWindow - DEBUG - Status: Scan en cours... 98/254 (38.6%)
2025-08-01 11:35:36,011 - MainWindow - DEBUG - Status: Scan en cours... 99/254 (39.0%)
2025-08-01 11:35:36,011 - MainWindow - DEBUG - Status: Scan en cours... 100/254 (39.4%)
2025-08-01 11:35:36,011 - MainWindow - DEBUG - Status: Scan en cours... 101/254 (39.8%)
2025-08-01 11:35:36,011 - MainWindow - DEBUG - Status: Scan en cours... 102/254 (40.2%)
2025-08-01 11:35:36,016 - MainWindow - DEBUG - Status: Scan en cours... 103/254 (40.6%)
2025-08-01 11:35:36,016 - MainWindow - DEBUG - Status: Scan en cours... 104/254 (40.9%)
2025-08-01 11:35:36,016 - MainWindow - DEBUG - Status: Scan en cours... 105/254 (41.3%)
2025-08-01 11:35:36,016 - MainWindow - DEBUG - Status: Scan en cours... 106/254 (41.7%)
2025-08-01 11:35:36,016 - MainWindow - DEBUG - Status: Scan en cours... 107/254 (42.1%)
2025-08-01 11:35:36,025 - MainWindow - DEBUG - Status: Scan en cours... 108/254 (42.5%)
2025-08-01 11:35:36,025 - MainWindow - DEBUG - Status: Scan en cours... 109/254 (42.9%)
2025-08-01 11:35:36,046 - MainWindow - INFO - Application fermée proprement
2025-08-01 11:35:36,300 - MainWindow - INFO - Application fermée proprement
